2023-10-10 22:36:05 INFO  com.nopcommerce.demo.runner.TestRunner:31 - Starting CPLS EBW E2E Test Suite ...
2023-10-10 22:36:05 INFO  com.nopcommerce.demo.runner.TestRunner:39 - == Node: local
2023-10-10 22:36:05 INFO  com.nopcommerce.demo.runner.TestRunner:40 - == Environment: qa
2023-10-10 22:36:05 INFO  com.nopcommerce.demo.runner.TestRunner:41 - == Browser: firefox
2023-10-10 22:36:05 INFO  com.nopcommerce.demo.runner.TestRunner:42 - == Language: fr
2023-10-10 22:36:05 INFO  com.nopcommerce.demo.runner.TestRunner:43 - == Implicit Wait: 30
2023-10-10 22:36:05 INFO  com.nopcommerce.demo.runner.TestRunner:44 - == Perfecto OS: windows
2023-10-10 22:36:05 INFO  com.nopcommerce.demo.runner.TestRunner:45 - == Cucumber Tags: null
2023-10-10 22:36:05 INFO  com.nopcommerce.demo.Hooks:23 - Setup before Scenario: Verify if User can login Successfully
2023-10-10 22:36:05 INFO  com.nopcommerce.demo.driverfactory.ManageDriver:32 - Setting up Selenium driver for Local Environment : 
2023-10-10 22:36:11 INFO  com.nopcommerce.demo.pages.HomePage:28 - Clicking on Login Button = [[FirefoxDriver: firefox on windows (310f0784-8f79-45a6-ad93-e73b6dfd3fdc)] -> xpath: /html/body/div[6]/div[1]/div[1]/div[2]/div[1]/ul/li[2]/a]
2023-10-10 22:36:11 INFO  com.nopcommerce.demo.pages.LoginPage:27 - Fetching a page Header for assertion = [[FirefoxDriver: firefox on windows (310f0784-8f79-45a6-ad93-e73b6dfd3fdc)] -> xpath: /html/body/div[6]/div[3]/div/div/div/div[1]/h1]
2023-10-10 22:36:11 INFO  com.nopcommerce.demo.Hooks:36 - Teardown after Scenario: Verify if User can login Successfully
2023-10-10 22:36:11 INFO  com.nopcommerce.demo.driverfactory.ManageDriver:66 - Closing Browser
2023-10-10 22:36:25 INFO  com.nopcommerce.demo.runner.TestRunner:31 - Starting CPLS EBW E2E Test Suite ...
2023-10-10 22:36:25 INFO  com.nopcommerce.demo.runner.TestRunner:39 - == Node: local
2023-10-10 22:36:25 INFO  com.nopcommerce.demo.runner.TestRunner:40 - == Environment: qa
2023-10-10 22:36:25 INFO  com.nopcommerce.demo.runner.TestRunner:41 - == Browser: firefox
2023-10-10 22:36:25 INFO  com.nopcommerce.demo.runner.TestRunner:42 - == Language: fr
2023-10-10 22:36:25 INFO  com.nopcommerce.demo.runner.TestRunner:43 - == Implicit Wait: 30
2023-10-10 22:36:25 INFO  com.nopcommerce.demo.runner.TestRunner:44 - == Perfecto OS: windows
2023-10-10 22:36:25 INFO  com.nopcommerce.demo.runner.TestRunner:45 - == Cucumber Tags: null
2023-10-10 22:36:25 INFO  com.nopcommerce.demo.Hooks:23 - Setup before Scenario: Verify if User can login Successfully
2023-10-10 22:36:25 INFO  com.nopcommerce.demo.driverfactory.ManageDriver:32 - Setting up Selenium driver for Local Environment : 
2023-10-10 22:36:31 INFO  com.nopcommerce.demo.pages.HomePage:28 - Clicking on Login Button = [[FirefoxDriver: firefox on windows (f61f6c0c-8b9b-4772-ba10-99a3aa643878)] -> xpath: /html/body/div[6]/div[1]/div[1]/div[2]/div[1]/ul/li[2]/a]
2023-10-10 22:36:31 INFO  com.nopcommerce.demo.pages.LoginPage:27 - Fetching a page Header for assertion = [[FirefoxDriver: firefox on windows (f61f6c0c-8b9b-4772-ba10-99a3aa643878)] -> xpath: /html/body/div[6]/div[3]/div/div/div/div[1]/h1]
2023-10-10 22:36:31 INFO  com.nopcommerce.demo.Hooks:36 - Teardown after Scenario: Verify if User can login Successfully
2023-10-10 22:36:58 INFO  com.nopcommerce.demo.runner.TestRunner:31 - Starting CPLS EBW E2E Test Suite ...
2023-10-10 22:36:58 INFO  com.nopcommerce.demo.runner.TestRunner:39 - == Node: local
2023-10-10 22:36:58 INFO  com.nopcommerce.demo.runner.TestRunner:40 - == Environment: qa
2023-10-10 22:36:58 INFO  com.nopcommerce.demo.runner.TestRunner:41 - == Browser: firefox
2023-10-10 22:36:58 INFO  com.nopcommerce.demo.runner.TestRunner:42 - == Language: fr
2023-10-10 22:36:58 INFO  com.nopcommerce.demo.runner.TestRunner:43 - == Implicit Wait: 30
2023-10-10 22:36:58 INFO  com.nopcommerce.demo.runner.TestRunner:44 - == Perfecto OS: windows
2023-10-10 22:36:58 INFO  com.nopcommerce.demo.runner.TestRunner:45 - == Cucumber Tags: null
2023-10-10 22:36:59 INFO  com.nopcommerce.demo.Hooks:23 - Setup before Scenario: Verify if User can login Successfully
2023-10-10 22:36:59 INFO  com.nopcommerce.demo.driverfactory.ManageDriver:32 - Setting up Selenium driver for Local Environment : 
2023-10-10 22:37:04 INFO  com.nopcommerce.demo.pages.HomePage:28 - Clicking on Login Button = [[FirefoxDriver: firefox on windows (90840eaf-1557-4ccc-bbce-02bffe813285)] -> xpath: /html/body/div[6]/div[1]/div[1]/div[2]/div[1]/ul/li[2]/a]
2023-10-10 22:37:04 INFO  com.nopcommerce.demo.pages.LoginPage:27 - Fetching a page Header for assertion = [[FirefoxDriver: firefox on windows (90840eaf-1557-4ccc-bbce-02bffe813285)] -> xpath: /html/body/div[6]/div[3]/div/div/div/div[1]/h1]
2023-10-10 22:37:04 INFO  com.nopcommerce.demo.Hooks:36 - Teardown after Scenario: Verify if User can login Successfully
2023-10-10 22:37:04 INFO  com.nopcommerce.demo.driverfactory.ManageDriver:66 - Closing Browser

